mode: set
asa/shell/internal/command/cat/cat.go:17.34,19.2 1 1
asa/shell/internal/command/cat/cat.go:21.36,23.2 1 1
asa/shell/internal/command/cat/cat.go:25.69,26.20 1 1
asa/shell/internal/command/cat/cat.go:26.20,28.3 1 1
asa/shell/internal/command/cat/cat.go:30.2,30.32 1 1
asa/shell/internal/command/cat/cat.go:30.32,31.57 1 1
asa/shell/internal/command/cat/cat.go:31.57,33.4 1 1
asa/shell/internal/command/cat/cat.go:36.2,36.12 1 1
asa/shell/internal/command/cat/cat.go:39.75,41.16 2 1
asa/shell/internal/command/cat/cat.go:41.16,43.3 1 1
asa/shell/internal/command/cat/cat.go:44.2,47.21 3 1
asa/shell/internal/command/cat/cat.go:47.21,49.3 1 1
asa/shell/internal/command/cat/cat.go:51.2,51.22 1 1
asa/shell/internal/command/echo/echo.go:11.36,13.2 1 1
asa/shell/internal/command/echo/echo.go:15.37,17.2 1 1
asa/shell/internal/command/echo/echo.go:19.70,23.2 3 1
asa/shell/internal/command/cd/cd.go:22.46,26.2 1 1
asa/shell/internal/command/cd/cd.go:29.35,31.2 1 1
asa/shell/internal/command/cd/cd.go:34.68,37.19 2 1
asa/shell/internal/command/cd/cd.go:38.9,40.18 1 1
asa/shell/internal/command/cd/cd.go:41.9,43.18 1 1
asa/shell/internal/command/cd/cd.go:44.12,46.27 1 1
asa/shell/internal/command/cd/cd.go:47.11,51.37 2 1
asa/shell/internal/command/cd/cd.go:51.37,54.10 3 1
asa/shell/internal/command/cd/cd.go:56.4,56.19 1 1
asa/shell/internal/command/cd/cd.go:56.19,58.19 2 1
asa/shell/internal/command/cd/cd.go:58.19,60.6 1 0
asa/shell/internal/command/cd/cd.go:61.5,65.39 5 1
asa/shell/internal/command/cd/cd.go:65.39,67.11 2 1
asa/shell/internal/command/cd/cd.go:72.10,73.30 1 1
asa/shell/internal/command/cd/cd.go:77.2,77.38 1 1
asa/shell/internal/command/cd/cd.go:77.38,79.3 1 1
asa/shell/internal/command/cd/cd.go:81.2,81.12 1 1
asa/shell/internal/command/exit/exit.go:21.64,26.2 1 1
asa/shell/internal/command/exit/exit.go:29.37,31.2 1 1
asa/shell/internal/command/exit/exit.go:34.70,36.19 1 1
asa/shell/internal/command/exit/exit.go:37.9,38.28 1 0
asa/shell/internal/command/exit/exit.go:38.28,40.4 1 0
asa/shell/internal/command/exit/exit.go:41.3,42.13 2 0
asa/shell/internal/command/exit/exit.go:44.9,45.28 1 1
asa/shell/internal/command/exit/exit.go:45.28,47.4 1 0
asa/shell/internal/command/exit/exit.go:48.3,49.17 2 1
asa/shell/internal/command/exit/exit.go:49.17,51.4 1 1
asa/shell/internal/command/exit/exit.go:52.3,53.13 2 0
asa/shell/internal/command/exit/exit.go:54.10,55.30 1 1
asa/shell/internal/command/exit/exit.go:57.2,57.12 1 0
asa/shell/internal/command/color/color.go:17.38,21.2 3 1
asa/shell/internal/command/color/color.go:24.38,26.2 1 1
asa/shell/internal/command/color/color.go:29.71,30.19 1 1
asa/shell/internal/command/color/color.go:31.9,32.32 1 1
asa/shell/internal/command/color/color.go:33.9,35.40 1 1
asa/shell/internal/command/color/color.go:35.40,37.4 1 1
asa/shell/internal/command/color/color.go:38.3,38.39 1 1
asa/shell/internal/command/color/color.go:38.39,40.4 1 1
asa/shell/internal/command/color/color.go:41.3,41.29 1 1
asa/shell/internal/command/color/color.go:42.10,43.30 1 1
asa/shell/internal/command/color/color.go:47.54,49.42 1 1
asa/shell/internal/command/color/color.go:49.42,51.3 1 1
asa/shell/internal/command/color/color.go:52.2,54.12 3 1
asa/shell/internal/command/color/color.go:56.52,57.41 1 1
asa/shell/internal/command/color/color.go:57.41,59.3 1 1
asa/shell/internal/command/color/color.go:60.2,63.12 3 1
asa/shell/internal/command/adduser/adduser.go:16.70,21.2 1 1
asa/shell/internal/command/adduser/adduser.go:23.40,25.2 1 1
asa/shell/internal/command/adduser/adduser.go:27.73,28.20 1 1
asa/shell/internal/command/adduser/adduser.go:28.20,30.3 1 1
asa/shell/internal/command/adduser/adduser.go:31.2,31.19 1 1
asa/shell/internal/command/adduser/adduser.go:31.19,33.3 1 1
asa/shell/internal/command/adduser/adduser.go:34.2,35.20 2 1
asa/shell/internal/command/adduser/adduser.go:35.20,37.3 1 1
asa/shell/internal/command/adduser/adduser.go:39.2,41.16 3 1
asa/shell/internal/command/adduser/adduser.go:41.16,43.3 1 1
asa/shell/internal/command/adduser/adduser.go:44.2,44.12 1 1
asa/shell/internal/command/help/help.go:12.36,14.2 1 1
asa/shell/internal/command/help/help.go:16.37,18.2 1 1
asa/shell/internal/command/help/help.go:20.70,21.19 1 1
asa/shell/internal/command/help/help.go:21.19,23.3 1 1
asa/shell/internal/command/help/help.go:25.2,49.33 8 1
asa/shell/internal/command/help/help.go:49.33,53.3 2 1
asa/shell/internal/command/help/help.go:54.2,55.12 2 1
asa/shell/internal/command/history/history.go:17.102,23.2 1 1
asa/shell/internal/command/history/history.go:25.40,27.2 1 1
asa/shell/internal/command/history/history.go:29.73,30.19 1 1
asa/shell/internal/command/history/history.go:30.19,32.3 1 1
asa/shell/internal/command/history/history.go:33.2,33.20 1 1
asa/shell/internal/command/history/history.go:33.20,34.25 1 1
asa/shell/internal/command/history/history.go:34.25,36.4 1 1
asa/shell/internal/command/history/history.go:37.3,37.28 1 1
asa/shell/internal/command/history/history.go:37.28,41.4 3 1
asa/shell/internal/command/history/history.go:42.3,43.13 2 1
asa/shell/internal/command/history/history.go:45.2,45.27 1 1
asa/shell/internal/command/history/history.go:45.27,46.34 1 1
asa/shell/internal/command/history/history.go:46.34,48.4 1 1
asa/shell/internal/command/history/history.go:49.3,50.13 2 1
asa/shell/internal/command/history/history.go:52.2,52.33 1 1
asa/shell/internal/command/history/history.go:52.33,54.3 1 1
asa/shell/internal/command/history/history.go:55.2,56.12 2 1
asa/shell/internal/database/database.go:21.13,26.16 3 1
asa/shell/internal/database/database.go:26.16,28.13 2 0
asa/shell/internal/database/database.go:31.2,31.15 1 1
asa/shell/internal/database/database.go:35.23,37.2 1 1
asa/shell/internal/redirection/redirection.go:27.70,28.20 1 1
asa/shell/internal/redirection/redirection.go:28.20,30.3 1 0
asa/shell/internal/redirection/redirection.go:31.2,31.27 1 1
asa/shell/internal/redirection/redirection.go:31.27,32.10 1 1
asa/shell/internal/redirection/redirection.go:33.19,34.24 1 1
asa/shell/internal/redirection/redirection.go:34.24,36.5 1 1
asa/shell/internal/redirection/redirection.go:37.4,37.14 1 1
asa/shell/internal/redirection/redirection.go:37.14,38.22 1 1
asa/shell/internal/redirection/redirection.go:38.22,40.6 1 1
asa/shell/internal/redirection/redirection.go:41.5,44.11 1 1
asa/shell/internal/redirection/redirection.go:46.4,49.10 1 1
asa/shell/internal/redirection/redirection.go:51.20,52.24 1 1
asa/shell/internal/redirection/redirection.go:52.24,54.5 1 1
asa/shell/internal/redirection/redirection.go:55.4,55.14 1 1
asa/shell/internal/redirection/redirection.go:55.14,56.22 1 1
asa/shell/internal/redirection/redirection.go:56.22,58.6 1 0
asa/shell/internal/redirection/redirection.go:59.5,62.11 1 1
asa/shell/internal/redirection/redirection.go:64.4,67.10 1 1
asa/shell/internal/redirection/redirection.go:69.20,70.24 1 1
asa/shell/internal/redirection/redirection.go:70.24,72.5 1 1
asa/shell/internal/redirection/redirection.go:73.4,73.14 1 1
asa/shell/internal/redirection/redirection.go:73.14,74.22 1 1
asa/shell/internal/redirection/redirection.go:74.22,76.6 1 0
asa/shell/internal/redirection/redirection.go:77.5,80.11 1 1
asa/shell/internal/redirection/redirection.go:82.4,85.10 1 1
asa/shell/internal/redirection/redirection.go:87.21,88.24 1 1
asa/shell/internal/redirection/redirection.go:88.24,90.5 1 1
asa/shell/internal/redirection/redirection.go:91.4,91.14 1 1
asa/shell/internal/redirection/redirection.go:91.14,92.22 1 1
asa/shell/internal/redirection/redirection.go:92.22,94.6 1 0
asa/shell/internal/redirection/redirection.go:95.5,98.11 1 1
asa/shell/internal/redirection/redirection.go:100.4,103.10 1 1
asa/shell/internal/redirection/redirection.go:107.2,107.23 1 1
asa/shell/internal/redirection/redirection.go:110.61,111.18 1 1
asa/shell/internal/redirection/redirection.go:111.18,113.3 1 1
asa/shell/internal/redirection/redirection.go:115.2,116.61 2 1
asa/shell/internal/redirection/redirection.go:116.61,118.3 1 1
asa/shell/internal/redirection/redirection.go:118.8,120.3 1 1
asa/shell/internal/redirection/redirection.go:121.2,122.16 2 1
asa/shell/internal/redirection/redirection.go:122.16,124.3 1 1
asa/shell/internal/redirection/redirection.go:125.2,125.18 1 1
asa/shell/internal/command/pwd/pwd.go:15.34,17.2 1 1
asa/shell/internal/command/pwd/pwd.go:19.69,21.16 2 1
asa/shell/internal/command/pwd/pwd.go:21.16,23.3 1 0
asa/shell/internal/command/pwd/pwd.go:25.2,26.12 2 1
asa/shell/internal/command/pwd/pwd.go:29.60,31.60 1 1
asa/shell/internal/command/pwd/pwd.go:31.60,32.34 1 1
asa/shell/internal/command/pwd/pwd.go:32.34,34.4 1 1
asa/shell/internal/command/pwd/pwd.go:37.2,37.29 1 0
asa/shell/internal/command/pwd/pwd.go:37.29,38.60 1 0
asa/shell/internal/command/pwd/pwd.go:38.60,39.35 1 0
asa/shell/internal/command/pwd/pwd.go:39.35,41.5 1 0
asa/shell/internal/command/pwd/pwd.go:44.2,44.16 1 0
asa/shell/internal/command/pwd/pwd.go:47.36,49.2 1 1
asa/shell/internal/command/ls/ls.go:20.32,22.2 1 1
asa/shell/internal/command/ls/ls.go:25.35,27.2 1 0
asa/shell/internal/command/ls/ls.go:30.68,33.16 2 1
asa/shell/internal/command/ls/ls.go:33.16,35.3 1 1
asa/shell/internal/command/ls/ls.go:38.2,38.19 1 1
asa/shell/internal/command/ls/ls.go:38.19,40.3 1 1
asa/shell/internal/command/ls/ls.go:42.2,42.41 1 1
asa/shell/internal/command/ls/ls.go:46.62,50.27 4 1
asa/shell/internal/command/ls/ls.go:50.27,51.34 1 1
asa/shell/internal/command/ls/ls.go:51.34,53.32 1 1
asa/shell/internal/command/ls/ls.go:53.32,54.16 1 1
asa/shell/internal/command/ls/ls.go:55.14,56.22 1 1
asa/shell/internal/command/ls/ls.go:57.14,58.25 1 1
asa/shell/internal/command/ls/ls.go:59.13,60.54 1 1
asa/shell/internal/command/ls/ls.go:63.9,65.21 1 1
asa/shell/internal/command/ls/ls.go:65.21,67.5 1 1
asa/shell/internal/command/ls/ls.go:68.4,68.17 1 1
asa/shell/internal/command/ls/ls.go:72.2,72.21 1 1
asa/shell/internal/command/ls/ls.go:76.75,78.16 2 1
asa/shell/internal/command/ls/ls.go:78.16,80.3 1 1
asa/shell/internal/command/ls/ls.go:83.2,83.32 1 1
asa/shell/internal/command/ls/ls.go:83.32,85.57 1 1
asa/shell/internal/command/ls/ls.go:85.57,86.12 1 0
asa/shell/internal/command/ls/ls.go:89.3,89.19 1 1
asa/shell/internal/command/ls/ls.go:89.19,90.59 1 1
asa/shell/internal/command/ls/ls.go:90.59,92.5 1 0
asa/shell/internal/command/ls/ls.go:93.9,95.4 1 1
asa/shell/internal/command/ls/ls.go:98.2,98.12 1 1
asa/shell/internal/command/ls/ls.go:102.80,104.16 2 1
asa/shell/internal/command/ls/ls.go:104.16,106.3 1 0
asa/shell/internal/command/ls/ls.go:109.2,114.12 6 1
asa/shell/internal/command/type/type.go:16.53,19.31 2 1
asa/shell/internal/command/type/type.go:19.31,21.3 1 1
asa/shell/internal/command/type/type.go:23.2,25.3 1 1
asa/shell/internal/command/type/type.go:28.37,30.2 1 0
asa/shell/internal/command/type/type.go:32.70,33.20 1 1
asa/shell/internal/command/type/type.go:33.20,35.3 1 1
asa/shell/internal/command/type/type.go:36.2,36.27 1 1
asa/shell/internal/command/type/type.go:36.27,38.17 2 1
asa/shell/internal/command/type/type.go:38.17,40.4 1 1
asa/shell/internal/command/type/type.go:41.3,41.31 1 1
asa/shell/internal/command/type/type.go:44.2,44.12 1 1
asa/shell/internal/command/type/type.go:47.63,49.21 1 1
asa/shell/internal/command/type/type.go:49.21,51.3 1 1
asa/shell/internal/command/type/type.go:54.2,55.16 2 1
asa/shell/internal/command/type/type.go:55.16,57.3 1 1
asa/shell/internal/command/type/type.go:60.2,61.27 2 1
asa/shell/internal/command/type/type.go:61.27,63.53 2 1
asa/shell/internal/command/type/type.go:63.53,65.33 1 1
asa/shell/internal/command/type/type.go:65.33,68.5 1 1
asa/shell/internal/command/type/type.go:72.2,72.37 1 1
asa/shell/internal/database/database.go:21.13,26.16 3 0
asa/shell/internal/database/database.go:26.16,28.13 2 0
asa/shell/internal/database/database.go:31.2,31.15 1 0
asa/shell/internal/database/database.go:35.23,37.2 1 0
asa/shell/internal/command/login/login.go:16.73,21.2 1 1
asa/shell/internal/command/login/login.go:23.38,25.2 1 1
asa/shell/internal/command/login/login.go:27.71,31.20 1 1
asa/shell/internal/command/login/login.go:31.20,33.3 1 1
asa/shell/internal/command/login/login.go:34.2,34.19 1 1
asa/shell/internal/command/login/login.go:34.19,36.3 1 1
asa/shell/internal/command/login/login.go:37.2,38.20 2 1
asa/shell/internal/command/login/login.go:38.20,40.3 1 1
asa/shell/internal/command/login/login.go:41.2,42.16 2 1
asa/shell/internal/command/login/login.go:42.16,44.3 1 1
asa/shell/internal/command/login/login.go:45.2,45.27 1 1
asa/shell/internal/command/login/login.go:45.27,47.17 2 0
asa/shell/internal/command/login/login.go:47.17,49.4 1 0
asa/shell/internal/command/login/login.go:51.2,57.12 6 1
asa/shell/internal/command/logout/logout.go:16.68,21.2 1 1
asa/shell/internal/command/logout/logout.go:23.39,25.2 1 1
asa/shell/internal/command/logout/logout.go:27.72,28.19 1 1
asa/shell/internal/command/logout/logout.go:28.19,30.3 1 1
asa/shell/internal/command/logout/logout.go:32.2,33.16 2 1
asa/shell/internal/command/logout/logout.go:33.16,35.3 1 1
asa/shell/internal/command/logout/logout.go:36.2,40.12 4 1
asa/shell/internal/database/database.go:21.13,26.16 3 1
asa/shell/internal/database/database.go:26.16,28.13 2 0
asa/shell/internal/database/database.go:31.2,31.15 1 1
asa/shell/internal/database/database.go:35.23,37.2 1 1
asa/shell/internal/database/database.go:21.13,26.16 3 1
asa/shell/internal/database/database.go:26.16,28.13 2 0
asa/shell/internal/database/database.go:31.2,31.15 1 1
asa/shell/internal/database/database.go:35.23,37.2 1 1
asa/shell/internal/service/user.go:21.50,22.17 1 1
asa/shell/internal/service/user.go:22.17,24.3 1 1
asa/shell/internal/service/user.go:26.2,26.39 1 1
asa/shell/internal/service/user.go:26.39,28.3 1 1
asa/shell/internal/service/user.go:30.2,32.16 3 1
asa/shell/internal/service/user.go:32.16,33.46 1 1
asa/shell/internal/service/user.go:33.46,35.4 1 0
asa/shell/internal/service/user.go:36.8,38.3 1 1
asa/shell/internal/service/user.go:40.2,43.16 3 1
asa/shell/internal/service/user.go:43.16,45.3 1 0
asa/shell/internal/service/user.go:46.2,48.46 2 1
asa/shell/internal/service/user.go:48.46,50.3 1 0
asa/shell/internal/service/user.go:52.2,52.12 1 1
asa/shell/internal/service/user.go:55.75,57.80 2 1
asa/shell/internal/service/user.go:57.80,58.45 1 1
asa/shell/internal/service/user.go:58.45,60.4 1 1
asa/shell/internal/service/user.go:61.3,61.19 1 0
asa/shell/internal/service/user.go:63.2,63.54 1 1
asa/shell/internal/service/user.go:63.54,64.21 1 1
asa/shell/internal/service/user.go:64.21,66.4 1 1
asa/shell/internal/service/user.go:67.3,67.32 1 1
asa/shell/internal/service/user.go:70.2,72.16 3 1
asa/shell/internal/service/user.go:72.16,76.3 3 0
asa/shell/internal/service/user.go:77.2,79.18 2 1
asa/shell/internal/service/user.go:82.50,83.17 1 1
asa/shell/internal/service/user.go:83.17,85.3 1 1
asa/shell/internal/service/user.go:86.2,86.39 1 1
asa/shell/internal/service/user.go:86.39,88.3 1 1
asa/shell/internal/service/user.go:89.2,90.16 2 1
asa/shell/internal/service/user.go:90.16,92.3 1 0
asa/shell/internal/service/user.go:93.2,95.16 3 1
asa/shell/internal/service/user.go:95.16,97.3 1 0
asa/shell/internal/service/user.go:99.2,99.12 1 1
asa/shell/internal/service/user.go:102.39,103.25 1 1
asa/shell/internal/service/user.go:103.25,105.3 1 1
asa/shell/internal/service/user.go:106.2,106.12 1 1
asa/shell/internal/database/database.go:21.13,26.16 3 1
asa/shell/internal/database/database.go:26.16,28.13 2 0
asa/shell/internal/database/database.go:31.2,31.15 1 1
asa/shell/internal/database/database.go:35.23,37.2 1 1
asa/shell/internal/shell/shell.go:58.19,60.16 2 1
asa/shell/internal/shell/shell.go:60.16,62.3 1 0
asa/shell/internal/shell/shell.go:64.2,65.16 2 1
asa/shell/internal/shell/shell.go:65.16,67.3 1 0
asa/shell/internal/shell/shell.go:69.2,114.31 27 1
asa/shell/internal/shell/shell.go:114.31,116.3 1 1
asa/shell/internal/shell/shell.go:117.2,127.11 6 1
asa/shell/internal/shell/shell.go:130.54,132.2 1 1
asa/shell/internal/shell/shell.go:134.31,135.6 1 0
asa/shell/internal/shell/shell.go:135.6,136.41 1 0
asa/shell/internal/shell/shell.go:136.41,138.4 1 0
asa/shell/internal/shell/shell.go:139.3,140.17 2 0
asa/shell/internal/shell/shell.go:140.17,142.4 1 0
asa/shell/internal/shell/shell.go:143.3,143.18 1 0
asa/shell/internal/shell/shell.go:143.18,144.12 1 0
asa/shell/internal/shell/shell.go:146.3,146.57 1 0
asa/shell/internal/shell/shell.go:146.57,147.27 1 0
asa/shell/internal/shell/shell.go:147.27,149.5 1 0
asa/shell/internal/shell/shell.go:150.4,151.23 2 0
asa/shell/internal/shell/shell.go:151.23,153.5 1 0
asa/shell/internal/shell/shell.go:154.4,155.37 2 0
asa/shell/internal/shell/shell.go:155.37,158.33 3 0
asa/shell/internal/shell/shell.go:158.33,160.6 1 0
asa/shell/internal/shell/shell.go:167.37,169.16 2 0
asa/shell/internal/shell/shell.go:169.16,171.3 1 0
asa/shell/internal/shell/shell.go:172.2,174.21 3 0
asa/shell/internal/shell/shell.go:174.21,177.3 2 0
asa/shell/internal/shell/shell.go:178.2,178.27 1 0
asa/shell/internal/shell/shell.go:178.27,180.3 1 0
asa/shell/internal/shell/shell.go:180.8,182.3 1 0
asa/shell/internal/shell/shell.go:183.2,183.12 1 0
asa/shell/internal/shell/shell.go:186.45,188.16 2 1
asa/shell/internal/shell/shell.go:188.16,190.3 1 0
asa/shell/internal/shell/shell.go:191.2,191.38 1 1
asa/shell/internal/shell/shell.go:194.60,196.22 2 1
asa/shell/internal/shell/shell.go:196.22,197.28 1 1
asa/shell/internal/shell/shell.go:197.28,200.4 1 0
asa/shell/internal/shell/shell.go:200.9,202.4 1 1
asa/shell/internal/shell/shell.go:205.2,205.16 1 1
asa/shell/internal/shell/shell.go:205.16,207.3 1 0
asa/shell/internal/shell/shell.go:209.2,209.35 1 1
asa/shell/internal/shell/shell.go:209.35,212.3 1 0
asa/shell/internal/shell/shell.go:214.2,214.48 1 1
asa/shell/internal/shell/shell.go:214.48,216.17 2 1
asa/shell/internal/shell/shell.go:216.17,218.4 1 0
asa/shell/internal/shell/shell.go:219.3,219.31 1 1
asa/shell/internal/shell/shell.go:222.2,222.102 1 1
asa/shell/internal/shell/shell.go:222.102,224.3 1 1
asa/shell/internal/shell/shell.go:226.2,226.30 1 1
asa/shell/internal/shell/shell.go:229.108,231.16 2 1
asa/shell/internal/shell/shell.go:231.16,233.3 1 1
asa/shell/internal/shell/shell.go:234.2,234.43 1 1
asa/shell/internal/shell/shell.go:234.43,236.3 1 0
asa/shell/internal/shell/shell.go:238.2,244.16 5 1
asa/shell/internal/shell/shell.go:244.16,246.3 1 1
asa/shell/internal/shell/shell.go:248.2,248.12 1 1
asa/shell/internal/shell/shell.go:251.81,254.17 3 1
asa/shell/internal/shell/shell.go:254.17,256.3 1 0
asa/shell/internal/shell/shell.go:257.2,257.25 1 1
asa/shell/internal/shell/shell.go:257.25,259.3 1 1
asa/shell/internal/shell/shell.go:261.2,262.16 2 1
asa/shell/internal/shell/shell.go:262.16,264.3 1 0
asa/shell/internal/shell/shell.go:266.2,266.18 1 1
asa/shell/internal/shell/shell.go:266.18,268.17 2 1
asa/shell/internal/shell/shell.go:268.17,270.4 1 0
asa/shell/internal/shell/shell.go:272.3,272.21 1 1
asa/shell/internal/shell/shell.go:273.61,275.40 2 1
asa/shell/internal/shell/shell.go:276.59,278.40 2 1
asa/shell/internal/shell/shell.go:280.3,280.35 1 1
asa/shell/internal/shell/shell.go:283.2,283.54 1 1
asa/shell/internal/shell/shell.go:283.54,285.3 1 1
asa/shell/internal/shell/shell.go:285.8,287.3 1 1
