mode: set
asa/shell/internal/command/echo/echo.go:11.36,13.2 1 1
asa/shell/internal/command/echo/echo.go:15.37,17.2 1 1
asa/shell/internal/command/echo/echo.go:19.70,23.2 3 1
asa/shell/internal/command/cat/cat.go:17.34,19.2 1 1
asa/shell/internal/command/cat/cat.go:21.36,23.2 1 1
asa/shell/internal/command/cat/cat.go:25.69,26.20 1 1
asa/shell/internal/command/cat/cat.go:26.20,28.3 1 1
asa/shell/internal/command/cat/cat.go:30.2,30.32 1 1
asa/shell/internal/command/cat/cat.go:30.32,31.57 1 1
asa/shell/internal/command/cat/cat.go:31.57,33.4 1 1
asa/shell/internal/command/cat/cat.go:36.2,36.12 1 1
asa/shell/internal/command/cat/cat.go:39.75,41.16 2 1
asa/shell/internal/command/cat/cat.go:41.16,43.3 1 1
asa/shell/internal/command/cat/cat.go:44.2,47.21 3 1
asa/shell/internal/command/cat/cat.go:47.21,49.3 1 1
asa/shell/internal/command/cat/cat.go:51.2,51.22 1 1
asa/shell/internal/command/history/history.go:17.102,23.2 1 0
asa/shell/internal/command/history/history.go:25.40,27.2 1 0
asa/shell/internal/command/history/history.go:29.73,30.19 1 0
asa/shell/internal/command/history/history.go:30.19,32.3 1 0
asa/shell/internal/command/history/history.go:33.2,33.20 1 0
asa/shell/internal/command/history/history.go:33.20,34.25 1 0
asa/shell/internal/command/history/history.go:34.25,36.4 1 0
asa/shell/internal/command/history/history.go:37.3,37.28 1 0
asa/shell/internal/command/history/history.go:37.28,41.4 3 0
asa/shell/internal/command/history/history.go:42.3,43.13 2 0
asa/shell/internal/command/history/history.go:45.2,45.27 1 0
asa/shell/internal/command/history/history.go:45.27,46.34 1 0
asa/shell/internal/command/history/history.go:46.34,48.4 1 0
asa/shell/internal/command/history/history.go:49.3,50.13 2 0
asa/shell/internal/command/history/history.go:52.2,52.33 1 0
asa/shell/internal/command/history/history.go:52.33,54.3 1 0
asa/shell/internal/command/history/history.go:55.2,56.12 2 0
asa/shell/internal/command/color/color.go:17.38,21.2 3 1
asa/shell/internal/command/color/color.go:24.38,26.2 1 1
asa/shell/internal/command/color/color.go:29.71,30.19 1 1
asa/shell/internal/command/color/color.go:31.9,32.32 1 1
asa/shell/internal/command/color/color.go:33.9,35.40 1 1
asa/shell/internal/command/color/color.go:35.40,37.4 1 1
asa/shell/internal/command/color/color.go:38.3,38.39 1 1
asa/shell/internal/command/color/color.go:38.39,40.4 1 1
asa/shell/internal/command/color/color.go:41.3,41.29 1 1
asa/shell/internal/command/color/color.go:42.10,43.30 1 1
asa/shell/internal/command/color/color.go:47.54,49.42 1 1
asa/shell/internal/command/color/color.go:49.42,51.3 1 1
asa/shell/internal/command/color/color.go:52.2,54.12 3 1
asa/shell/internal/command/color/color.go:56.52,57.41 1 1
asa/shell/internal/command/color/color.go:57.41,59.3 1 1
asa/shell/internal/command/color/color.go:60.2,63.12 3 1
asa/shell/internal/command/cd/cd.go:22.46,26.2 1 1
asa/shell/internal/command/cd/cd.go:29.35,31.2 1 1
asa/shell/internal/command/cd/cd.go:34.68,37.19 2 1
asa/shell/internal/command/cd/cd.go:38.9,40.18 1 1
asa/shell/internal/command/cd/cd.go:41.9,43.18 1 1
asa/shell/internal/command/cd/cd.go:44.12,46.27 1 1
asa/shell/internal/command/cd/cd.go:47.11,51.37 2 1
asa/shell/internal/command/cd/cd.go:51.37,54.10 3 1
asa/shell/internal/command/cd/cd.go:56.4,56.19 1 1
asa/shell/internal/command/cd/cd.go:56.19,58.19 2 1
asa/shell/internal/command/cd/cd.go:58.19,60.6 1 0
asa/shell/internal/command/cd/cd.go:61.5,65.39 5 1
asa/shell/internal/command/cd/cd.go:65.39,67.11 2 1
asa/shell/internal/command/cd/cd.go:72.10,73.30 1 1
asa/shell/internal/command/cd/cd.go:77.2,77.38 1 1
asa/shell/internal/command/cd/cd.go:77.38,79.3 1 1
asa/shell/internal/command/cd/cd.go:81.2,81.12 1 1
asa/shell/internal/command/exit/exit.go:21.64,26.2 1 1
asa/shell/internal/command/exit/exit.go:29.37,31.2 1 1
asa/shell/internal/command/exit/exit.go:34.70,36.19 1 1
asa/shell/internal/command/exit/exit.go:37.9,38.28 1 0
asa/shell/internal/command/exit/exit.go:38.28,40.4 1 0
asa/shell/internal/command/exit/exit.go:41.3,42.13 2 0
asa/shell/internal/command/exit/exit.go:44.9,45.28 1 1
asa/shell/internal/command/exit/exit.go:45.28,47.4 1 0
asa/shell/internal/command/exit/exit.go:48.3,49.17 2 1
asa/shell/internal/command/exit/exit.go:49.17,51.4 1 1
asa/shell/internal/command/exit/exit.go:52.3,53.13 2 0
asa/shell/internal/command/exit/exit.go:54.10,55.30 1 1
asa/shell/internal/command/exit/exit.go:57.2,57.12 1 0
asa/shell/internal/command/help/help.go:12.36,14.2 1 1
asa/shell/internal/command/help/help.go:16.37,18.2 1 1
asa/shell/internal/command/help/help.go:20.70,21.19 1 1
asa/shell/internal/command/help/help.go:21.19,23.3 1 1
asa/shell/internal/command/help/help.go:24.2,43.33 7 1
asa/shell/internal/command/help/help.go:43.33,46.3 2 1
asa/shell/internal/command/help/help.go:47.2,48.12 2 1
asa/shell/internal/command/adduser/adduser.go:16.70,21.2 1 1
asa/shell/internal/command/adduser/adduser.go:23.40,25.2 1 1
asa/shell/internal/command/adduser/adduser.go:27.73,28.20 1 1
asa/shell/internal/command/adduser/adduser.go:28.20,30.3 1 1
asa/shell/internal/command/adduser/adduser.go:31.2,31.19 1 1
asa/shell/internal/command/adduser/adduser.go:31.19,33.3 1 1
asa/shell/internal/command/adduser/adduser.go:34.2,35.20 2 1
asa/shell/internal/command/adduser/adduser.go:35.20,37.3 1 1
asa/shell/internal/command/adduser/adduser.go:39.2,41.16 3 1
asa/shell/internal/command/adduser/adduser.go:41.16,43.3 1 1
asa/shell/internal/command/adduser/adduser.go:44.2,44.12 1 1
asa/shell/internal/command/type/type.go:16.53,19.31 2 1
asa/shell/internal/command/type/type.go:19.31,21.3 1 1
asa/shell/internal/command/type/type.go:23.2,25.3 1 1
asa/shell/internal/command/type/type.go:28.37,30.2 1 0
asa/shell/internal/command/type/type.go:32.70,33.20 1 1
asa/shell/internal/command/type/type.go:33.20,35.3 1 1
asa/shell/internal/command/type/type.go:36.2,36.27 1 1
asa/shell/internal/command/type/type.go:36.27,38.17 2 1
asa/shell/internal/command/type/type.go:38.17,40.4 1 1
asa/shell/internal/command/type/type.go:41.3,41.31 1 1
asa/shell/internal/command/type/type.go:44.2,44.12 1 1
asa/shell/internal/command/type/type.go:47.63,49.21 1 1
asa/shell/internal/command/type/type.go:49.21,51.3 1 1
asa/shell/internal/command/type/type.go:54.2,55.16 2 1
asa/shell/internal/command/type/type.go:55.16,57.3 1 1
asa/shell/internal/command/type/type.go:60.2,61.27 2 1
asa/shell/internal/command/type/type.go:61.27,63.53 2 1
asa/shell/internal/command/type/type.go:63.53,65.33 1 1
asa/shell/internal/command/type/type.go:65.33,68.5 1 1
asa/shell/internal/command/type/type.go:72.2,72.37 1 1
asa/shell/internal/command/pwd/pwd.go:15.34,17.2 1 1
asa/shell/internal/command/pwd/pwd.go:19.69,21.16 2 1
asa/shell/internal/command/pwd/pwd.go:21.16,23.3 1 0
asa/shell/internal/command/pwd/pwd.go:25.2,26.12 2 1
asa/shell/internal/command/pwd/pwd.go:29.60,31.60 1 1
asa/shell/internal/command/pwd/pwd.go:31.60,32.34 1 1
asa/shell/internal/command/pwd/pwd.go:32.34,34.4 1 1
asa/shell/internal/command/pwd/pwd.go:37.2,37.29 1 0
asa/shell/internal/command/pwd/pwd.go:37.29,38.60 1 0
asa/shell/internal/command/pwd/pwd.go:38.60,39.35 1 0
asa/shell/internal/command/pwd/pwd.go:39.35,41.5 1 0
asa/shell/internal/command/pwd/pwd.go:44.2,44.16 1 0
asa/shell/internal/command/pwd/pwd.go:47.36,49.2 1 1
asa/shell/internal/redirection/redirection.go:27.70,28.20 1 1
asa/shell/internal/redirection/redirection.go:28.20,30.3 1 0
asa/shell/internal/redirection/redirection.go:38.2,38.27 1 1
asa/shell/internal/redirection/redirection.go:38.27,39.10 1 1
asa/shell/internal/redirection/redirection.go:40.19,41.24 1 1
asa/shell/internal/redirection/redirection.go:41.24,43.5 1 1
asa/shell/internal/redirection/redirection.go:44.4,44.14 1 1
asa/shell/internal/redirection/redirection.go:44.14,45.22 1 1
asa/shell/internal/redirection/redirection.go:45.22,47.6 1 1
asa/shell/internal/redirection/redirection.go:48.5,51.11 1 1
asa/shell/internal/redirection/redirection.go:53.4,56.10 1 1
asa/shell/internal/redirection/redirection.go:58.20,59.24 1 1
asa/shell/internal/redirection/redirection.go:59.24,61.5 1 1
asa/shell/internal/redirection/redirection.go:62.4,62.14 1 1
asa/shell/internal/redirection/redirection.go:62.14,63.22 1 1
asa/shell/internal/redirection/redirection.go:63.22,65.6 1 0
asa/shell/internal/redirection/redirection.go:66.5,69.11 1 1
asa/shell/internal/redirection/redirection.go:71.4,74.10 1 1
asa/shell/internal/redirection/redirection.go:76.20,77.24 1 1
asa/shell/internal/redirection/redirection.go:77.24,79.5 1 1
asa/shell/internal/redirection/redirection.go:80.4,80.14 1 1
asa/shell/internal/redirection/redirection.go:80.14,81.22 1 1
asa/shell/internal/redirection/redirection.go:81.22,83.6 1 0
asa/shell/internal/redirection/redirection.go:84.5,87.11 1 1
asa/shell/internal/redirection/redirection.go:89.4,92.10 1 1
asa/shell/internal/redirection/redirection.go:94.21,95.24 1 1
asa/shell/internal/redirection/redirection.go:95.24,97.5 1 1
asa/shell/internal/redirection/redirection.go:98.4,98.14 1 1
asa/shell/internal/redirection/redirection.go:98.14,99.22 1 1
asa/shell/internal/redirection/redirection.go:99.22,101.6 1 0
asa/shell/internal/redirection/redirection.go:102.5,105.11 1 1
asa/shell/internal/redirection/redirection.go:107.4,110.10 1 1
asa/shell/internal/redirection/redirection.go:114.2,114.23 1 1
asa/shell/internal/redirection/redirection.go:117.61,118.18 1 1
asa/shell/internal/redirection/redirection.go:118.18,120.3 1 1
asa/shell/internal/redirection/redirection.go:122.2,123.61 2 1
asa/shell/internal/redirection/redirection.go:123.61,125.3 1 1
asa/shell/internal/redirection/redirection.go:125.8,127.3 1 1
asa/shell/internal/redirection/redirection.go:128.2,129.16 2 1
asa/shell/internal/redirection/redirection.go:129.16,131.3 1 1
asa/shell/internal/redirection/redirection.go:132.2,132.18 1 1
asa/shell/internal/command/login/login.go:16.73,21.2 1 1
asa/shell/internal/command/login/login.go:23.38,25.2 1 1
asa/shell/internal/command/login/login.go:27.71,31.20 1 1
asa/shell/internal/command/login/login.go:31.20,33.3 1 1
asa/shell/internal/command/login/login.go:34.2,34.19 1 1
asa/shell/internal/command/login/login.go:34.19,36.3 1 1
asa/shell/internal/command/login/login.go:37.2,38.20 2 1
asa/shell/internal/command/login/login.go:38.20,40.3 1 1
asa/shell/internal/command/login/login.go:41.2,42.16 2 1
asa/shell/internal/command/login/login.go:42.16,44.3 1 1
asa/shell/internal/command/login/login.go:45.2,45.27 1 1
asa/shell/internal/command/login/login.go:45.27,47.17 2 0
asa/shell/internal/command/login/login.go:47.17,49.4 1 0
asa/shell/internal/command/login/login.go:51.2,57.12 6 1
asa/shell/internal/database/database.go:21.13,26.16 3 0
asa/shell/internal/database/database.go:26.16,28.13 2 0
asa/shell/internal/database/database.go:31.2,31.15 1 0
asa/shell/internal/database/database.go:35.23,37.2 1 0
asa/shell/internal/command/ls/ls.go:20.32,22.2 1 1
asa/shell/internal/command/ls/ls.go:25.35,27.2 1 0
asa/shell/internal/command/ls/ls.go:30.68,33.16 2 1
asa/shell/internal/command/ls/ls.go:33.16,35.3 1 1
asa/shell/internal/command/ls/ls.go:38.2,38.19 1 1
asa/shell/internal/command/ls/ls.go:38.19,40.3 1 1
asa/shell/internal/command/ls/ls.go:42.2,42.41 1 1
asa/shell/internal/command/ls/ls.go:46.62,49.27 2 1
asa/shell/internal/command/ls/ls.go:49.27,50.34 1 1
asa/shell/internal/command/ls/ls.go:50.34,52.32 1 1
asa/shell/internal/command/ls/ls.go:52.32,53.16 1 1
asa/shell/internal/command/ls/ls.go:54.14,55.22 1 1
asa/shell/internal/command/ls/ls.go:56.14,57.25 1 1
asa/shell/internal/command/ls/ls.go:58.13,59.54 1 1
asa/shell/internal/command/ls/ls.go:62.9,64.21 1 1
asa/shell/internal/command/ls/ls.go:64.21,66.5 1 1
asa/shell/internal/command/ls/ls.go:67.4,67.17 1 1
asa/shell/internal/command/ls/ls.go:71.2,71.21 1 1
asa/shell/internal/command/ls/ls.go:75.75,77.16 2 1
asa/shell/internal/command/ls/ls.go:77.16,79.3 1 1
asa/shell/internal/command/ls/ls.go:82.2,82.32 1 1
asa/shell/internal/command/ls/ls.go:82.32,84.57 1 1
asa/shell/internal/command/ls/ls.go:84.57,85.12 1 0
asa/shell/internal/command/ls/ls.go:88.3,88.19 1 1
asa/shell/internal/command/ls/ls.go:88.19,89.59 1 1
asa/shell/internal/command/ls/ls.go:89.59,91.5 1 0
asa/shell/internal/command/ls/ls.go:92.9,94.4 1 1
asa/shell/internal/command/ls/ls.go:97.2,97.12 1 1
asa/shell/internal/command/ls/ls.go:101.80,103.16 2 1
asa/shell/internal/command/ls/ls.go:103.16,105.3 1 0
asa/shell/internal/command/ls/ls.go:108.2,113.12 6 1
asa/shell/internal/command/logout/logout.go:16.68,21.2 1 1
asa/shell/internal/command/logout/logout.go:23.39,25.2 1 1
asa/shell/internal/command/logout/logout.go:27.72,28.19 1 1
asa/shell/internal/command/logout/logout.go:28.19,30.3 1 1
asa/shell/internal/command/logout/logout.go:32.2,33.16 2 1
asa/shell/internal/command/logout/logout.go:33.16,35.3 1 1
asa/shell/internal/command/logout/logout.go:36.2,40.12 4 1
asa/shell/internal/database/database.go:21.13,26.16 3 1
asa/shell/internal/database/database.go:26.16,28.13 2 0
asa/shell/internal/database/database.go:31.2,31.15 1 1
asa/shell/internal/database/database.go:35.23,37.2 1 1
asa/shell/internal/database/database.go:21.13,26.16 3 1
asa/shell/internal/database/database.go:26.16,28.13 2 0
asa/shell/internal/database/database.go:31.2,31.15 1 1
asa/shell/internal/database/database.go:35.23,37.2 1 1
asa/shell/internal/service/user.go:21.50,22.17 1 1
asa/shell/internal/service/user.go:22.17,24.3 1 1
asa/shell/internal/service/user.go:26.2,26.39 1 1
asa/shell/internal/service/user.go:26.39,28.3 1 1
asa/shell/internal/service/user.go:30.2,32.16 3 1
asa/shell/internal/service/user.go:32.16,33.46 1 1
asa/shell/internal/service/user.go:33.46,35.4 1 0
asa/shell/internal/service/user.go:36.8,38.3 1 1
asa/shell/internal/service/user.go:40.2,43.16 3 1
asa/shell/internal/service/user.go:43.16,45.3 1 0
asa/shell/internal/service/user.go:46.2,48.46 2 1
asa/shell/internal/service/user.go:48.46,50.3 1 0
asa/shell/internal/service/user.go:52.2,52.12 1 1
asa/shell/internal/service/user.go:55.75,57.80 2 1
asa/shell/internal/service/user.go:57.80,58.45 1 1
asa/shell/internal/service/user.go:58.45,60.4 1 1
asa/shell/internal/service/user.go:61.3,61.19 1 0
asa/shell/internal/service/user.go:63.2,63.49 1 1
asa/shell/internal/service/user.go:63.49,65.3 1 1
asa/shell/internal/service/user.go:67.2,69.16 3 1
asa/shell/internal/service/user.go:69.16,73.3 3 0
asa/shell/internal/service/user.go:74.2,76.18 2 1
asa/shell/internal/service/user.go:79.50,80.17 1 1
asa/shell/internal/service/user.go:80.17,82.3 1 1
asa/shell/internal/service/user.go:83.2,83.39 1 1
asa/shell/internal/service/user.go:83.39,85.3 1 1
asa/shell/internal/service/user.go:86.2,87.16 2 1
asa/shell/internal/service/user.go:87.16,89.3 1 0
asa/shell/internal/service/user.go:90.2,92.16 3 1
asa/shell/internal/service/user.go:92.16,94.3 1 0
asa/shell/internal/service/user.go:96.2,96.12 1 1
asa/shell/internal/service/user.go:99.39,100.25 1 1
asa/shell/internal/service/user.go:100.25,102.3 1 1
asa/shell/internal/service/user.go:103.2,103.12 1 1
asa/shell/internal/database/database.go:21.13,26.16 3 1
asa/shell/internal/database/database.go:26.16,28.13 2 0
asa/shell/internal/database/database.go:31.2,31.15 1 1
asa/shell/internal/database/database.go:35.23,37.2 1 1
asa/shell/internal/shell/shell.go:58.19,60.16 2 1
asa/shell/internal/shell/shell.go:60.16,62.3 1 0
asa/shell/internal/shell/shell.go:63.2,108.31 27 1
asa/shell/internal/shell/shell.go:108.31,110.3 1 1
asa/shell/internal/shell/shell.go:111.2,121.11 6 1
asa/shell/internal/shell/shell.go:124.54,126.2 1 1
asa/shell/internal/shell/shell.go:128.31,129.6 1 0
asa/shell/internal/shell/shell.go:129.6,130.41 1 0
asa/shell/internal/shell/shell.go:130.41,132.4 1 0
asa/shell/internal/shell/shell.go:133.3,134.17 2 0
asa/shell/internal/shell/shell.go:134.17,136.4 1 0
asa/shell/internal/shell/shell.go:137.3,137.18 1 0
asa/shell/internal/shell/shell.go:137.18,138.12 1 0
asa/shell/internal/shell/shell.go:140.3,140.57 1 0
asa/shell/internal/shell/shell.go:140.57,141.27 1 0
asa/shell/internal/shell/shell.go:141.27,143.5 1 0
asa/shell/internal/shell/shell.go:144.4,145.23 2 0
asa/shell/internal/shell/shell.go:145.23,147.5 1 0
asa/shell/internal/shell/shell.go:148.4,149.37 2 0
asa/shell/internal/shell/shell.go:149.37,152.33 3 0
asa/shell/internal/shell/shell.go:152.33,154.6 1 0
asa/shell/internal/shell/shell.go:161.37,163.16 2 0
asa/shell/internal/shell/shell.go:163.16,165.3 1 0
asa/shell/internal/shell/shell.go:166.2,168.21 3 0
asa/shell/internal/shell/shell.go:168.21,171.3 2 0
asa/shell/internal/shell/shell.go:172.2,172.27 1 0
asa/shell/internal/shell/shell.go:172.27,174.3 1 0
asa/shell/internal/shell/shell.go:174.8,176.3 1 0
asa/shell/internal/shell/shell.go:177.2,177.12 1 0
asa/shell/internal/shell/shell.go:180.45,182.16 2 1
asa/shell/internal/shell/shell.go:182.16,184.3 1 0
asa/shell/internal/shell/shell.go:185.2,185.38 1 1
asa/shell/internal/shell/shell.go:188.60,190.22 2 1
asa/shell/internal/shell/shell.go:190.22,191.28 1 1
asa/shell/internal/shell/shell.go:191.28,194.4 1 0
asa/shell/internal/shell/shell.go:194.9,196.4 1 1
asa/shell/internal/shell/shell.go:199.2,199.16 1 1
asa/shell/internal/shell/shell.go:199.16,201.3 1 0
asa/shell/internal/shell/shell.go:203.2,203.35 1 1
asa/shell/internal/shell/shell.go:203.35,206.3 1 0
asa/shell/internal/shell/shell.go:208.2,208.48 1 1
asa/shell/internal/shell/shell.go:208.48,210.17 2 1
asa/shell/internal/shell/shell.go:210.17,212.4 1 0
asa/shell/internal/shell/shell.go:213.3,213.31 1 1
asa/shell/internal/shell/shell.go:217.2,217.53 1 1
asa/shell/internal/shell/shell.go:217.53,219.3 1 0
asa/shell/internal/shell/shell.go:221.2,221.102 1 1
asa/shell/internal/shell/shell.go:221.102,223.3 1 1
asa/shell/internal/shell/shell.go:225.2,225.30 1 1
asa/shell/internal/shell/shell.go:228.108,230.16 2 1
asa/shell/internal/shell/shell.go:230.16,232.3 1 1
asa/shell/internal/shell/shell.go:233.2,233.43 1 1
asa/shell/internal/shell/shell.go:233.43,235.3 1 0
asa/shell/internal/shell/shell.go:237.2,243.16 5 1
asa/shell/internal/shell/shell.go:243.16,245.3 1 1
asa/shell/internal/shell/shell.go:247.2,247.12 1 1
asa/shell/internal/shell/shell.go:250.81,255.17 3 1
asa/shell/internal/shell/shell.go:255.17,257.3 1 0
asa/shell/internal/shell/shell.go:261.2,261.25 1 1
asa/shell/internal/shell/shell.go:261.25,263.3 1 1
asa/shell/internal/shell/shell.go:265.2,266.16 2 1
asa/shell/internal/shell/shell.go:266.16,268.3 1 0
asa/shell/internal/shell/shell.go:270.2,270.18 1 1
asa/shell/internal/shell/shell.go:270.18,272.17 2 1
asa/shell/internal/shell/shell.go:272.17,274.4 1 0
asa/shell/internal/shell/shell.go:276.3,276.21 1 1
asa/shell/internal/shell/shell.go:277.61,279.40 2 1
asa/shell/internal/shell/shell.go:280.59,282.40 2 1
asa/shell/internal/shell/shell.go:284.3,284.35 1 1
asa/shell/internal/shell/shell.go:287.2,287.28 1 1
asa/shell/internal/shell/shell.go:287.28,289.3 1 1
asa/shell/internal/shell/shell.go:289.8,291.3 1 1
